[2026-06-03T11:48:46.107Z] GET http://localhost:8000/ → 200 (26ms, 948B)
[2026-06-03T11:48:46.141Z] GET http://localhost:8000/assets/index-DIKSuGnE.js → 200 (43ms, 1015691B)
[2026-06-03T11:48:46.141Z] GET http://localhost:8000/assets/index-BXu9tX0D.css → 200 (23ms, 77207B)
[2026-06-03T11:48:46.175Z] GET https://fonts.googleapis.com/css2?family=Inter:wght@300;400;500;600;700&display=swap → pending (?ms, ?B)
[2026-06-03T11:48:46.413Z] GET http://localhost:8000/api/auth/needs-setup → 200 (17ms, 21B)
[2026-06-03T11:48:46.509Z] GET https://fonts.googleapis.com/css2?family=DM+Serif+Display:ital@0;1&family=Outfit:wght@300;400;500;600;700&display=swap → 200 (1ms, 6025B)
[2026-06-03T11:48:46.509Z] GET http://localhost:8000/logo.svg → 200 (1ms, 16740B)
[2026-06-03T11:48:46.567Z] GET https://fonts.gstatic.com/s/dmserifdisplay/v17/-nFnOHM81r4j6k0gjAW3mujVU2B2G_Bx0vrx52g.woff2 → 200 (130ms, 17844B)
[2026-06-03T11:48:46.567Z] GET https://fonts.gstatic.com/s/outfit/v15/QGYvz_MVcBeNP4NJtEtqUYLknw.woff2 → 200 (115ms, 32228B)
[2026-06-03T11:48:46.567Z] GET https://fonts.gstatic.com/s/outfit/v15/QGYvz_MVcBeNP4NJtEtqUYLknw.woff2 → 200 (115ms, 32228B)
[2026-06-03T11:48:46.567Z] GET https://fonts.gstatic.com/s/outfit/v15/QGYvz_MVcBeNP4NJtEtqUYLknw.woff2 → 200 (114ms, 32228B)
[2026-06-03T11:48:46.567Z] GET https://fonts.gstatic.com/s/outfit/v15/QGYvz_MVcBeNP4NJtEtqUYLknw.woff2 → 200 (113ms, 32228B)
[2026-06-03T11:48:46.567Z] GET https://fonts.gstatic.com/s/outfit/v15/QGYvz_MVcBeNP4NJtEtqUYLknw.woff2 → 200 (113ms, 32228B)
[2026-06-03T11:48:46.568Z] GET https://fonts.gstatic.com/s/dmserifdisplay/v17/-nFhOHM81r4j6k0gjAW3mujVU2B2G_VB0PD2xWr53A.woff2 → 200 (147ms, 17660B)
[2026-06-03T11:56:12.261Z] GET http://localhost:8000/ → 200 (24ms, 948B)
[2026-06-03T11:56:12.288Z] GET http://localhost:8000/assets/index-BDg7WsBT.js → 200 (38ms, 1018926B)
[2026-06-03T11:56:12.289Z] GET http://localhost:8000/assets/index-BXu9tX0D.css → 200 (?ms, 77207B)
[2026-06-03T11:56:12.303Z] GET https://fonts.googleapis.com/css2?family=Inter:wght@300;400;500;600;700&display=swap → 200 (?ms, 12535B)
[2026-06-03T11:56:12.439Z] GET http://localhost:8000/api/auth/needs-setup → 200 (13ms, 21B)
[2026-06-03T11:56:12.497Z] GET http://localhost:8000/logo.svg → 200 (3ms, 16740B)
[2026-06-03T11:56:12.497Z] GET https://fonts.googleapis.com/css2?family=Plus+Jakarta+Sans:ital,wght@0,300;0,400;0,500;0,600;0,700;0,800;1,600&family=DM+Serif+Display:ital@0;1&display=swap → 200 (65ms, 13751B)
[2026-06-03T11:56:12.583Z] GET https://fonts.gstatic.com/s/dmserifdisplay/v17/-nFhOHM81r4j6k0gjAW3mujVU2B2G_VB0PD2xWr53A.woff2 → 200 (2ms, ?B)
[2026-06-03T11:56:12.586Z] GET https://fonts.gstatic.com/s/dmserifdisplay/v17/-nFnOHM81r4j6k0gjAW3mujVU2B2G_Bx0vrx52g.woff2 → 200 (1ms, ?B)
[2026-06-03T11:56:12.588Z] GET https://fonts.gstatic.com/s/plusjakartasans/v12/LDIoaomQNQcsA88c7O9yZ4KMCoOg4Ko20yygg_vb.woff2 → 200 (73ms, 27272B)
[2026-06-03T11:56:12.588Z] GET https://fonts.gstatic.com/s/plusjakartasans/v12/LDIoaomQNQcsA88c7O9yZ4KMCoOg4Ko20yygg_vb.woff2 → 200 (73ms, 27272B)
[2026-06-03T11:56:12.588Z] GET https://fonts.gstatic.com/s/plusjakartasans/v12/LDIoaomQNQcsA88c7O9yZ4KMCoOg4Ko20yygg_vb.woff2 → 200 (72ms, 27272B)
[2026-06-03T11:56:12.588Z] GET https://fonts.gstatic.com/s/plusjakartasans/v12/LDIoaomQNQcsA88c7O9yZ4KMCoOg4Ko20yygg_vb.woff2 → 200 (72ms, 27272B)
[2026-06-03T11:56:12.589Z] GET https://fonts.gstatic.com/s/plusjakartasans/v12/LDIoaomQNQcsA88c7O9yZ4KMCoOg4Ko20yygg_vb.woff2 → 200 (70ms, 27272B)
[2026-06-03T11:56:12.589Z] GET https://fonts.gstatic.com/s/plusjakartasans/v12/LDIoaomQNQcsA88c7O9yZ4KMCoOg4Ko20yygg_vb.woff2 → 200 (69ms, 27272B)
[2026-06-03T12:01:50.612Z] GET http://localhost:8000/ → 200 (23ms, 948B)
[2026-06-03T12:01:50.637Z] GET http://localhost:8000/assets/index-CeSvxWJT.js → 200 (68ms, 1026547B)
[2026-06-03T12:01:50.637Z] GET http://localhost:8000/assets/index-DTPHKpSz.css → 200 (43ms, 77234B)
[2026-06-03T12:01:50.683Z] GET https://fonts.googleapis.com/css2?family=Inter:wght@300;400;500;600;700&display=swap → 200 (1ms, 12535B)
[2026-06-03T12:01:50.814Z] GET http://localhost:8000/api/auth/needs-setup → 200 (18ms, 21B)
[2026-06-03T12:01:50.864Z] GET http://localhost:8000/logo.svg → 200 (10ms, 16740B)
[2026-06-03T12:01:50.864Z] GET https://fonts.googleapis.com/css2?family=Plus+Jakarta+Sans:ital,wght@0,300;0,400;0,500;0,600;0,700;0,800;1,600&family=DM+Serif+Display:ital@0;1&display=swap → 200 (?ms, 13751B)
[2026-06-03T12:01:50.865Z] GET https://fonts.gstatic.com/s/dmserifdisplay/v17/-nFhOHM81r4j6k0gjAW3mujVU2B2G_VB0PD2xWr53A.woff2 → 200 (5ms, ?B)
[2026-06-03T12:01:50.870Z] GET https://fonts.gstatic.com/s/dmserifdisplay/v17/-nFnOHM81r4j6k0gjAW3mujVU2B2G_Bx0vrx52g.woff2 → 200 (?ms, ?B)
[2026-06-03T12:01:50.871Z] GET https://fonts.gstatic.com/s/plusjakartasans/v12/LDIoaomQNQcsA88c7O9yZ4KMCoOg4Ko20yygg_vb.woff2 → 200 (2ms, ?B)
[2026-06-03T12:02:05.582Z] GET https://fonts.gstatic.com/s/inter/v20/UcC73FwrK3iLTeHuS_nVMrMxCp50SjIa1ZL7W0Q5nw.woff2 → 200 (98ms, 48432B)
[2026-06-03T12:02:57.074Z] GET http://localhost:8000/ → 200 (6ms, ?B)
[2026-06-03T12:02:57.088Z] GET http://localhost:8000/assets/index-CeSvxWJT.js → 200 (?ms, ?B)
[2026-06-03T12:02:57.088Z] GET http://localhost:8000/assets/index-DTPHKpSz.css → 200 (?ms, ?B)
[2026-06-03T12:02:57.089Z] GET https://fonts.googleapis.com/css2?family=Inter:wght@300;400;500;600;700&display=swap → 200 (?ms, ?B)
[2026-06-03T12:02:57.095Z] GET https://fonts.gstatic.com/s/inter/v20/UcC73FwrK3iLTeHuS_nVMrMxCp50SjIa1ZL7W0Q5nw.woff2 → 200 (?ms, ?B)
[2026-06-03T12:02:57.164Z] GET http://localhost:8000/api/auth/needs-setup → 200 (24ms, 21B)
[2026-06-03T12:02:57.215Z] GET http://localhost:8000/logo.svg → 200 (6ms, 16740B)
[2026-06-03T12:02:57.216Z] GET https://fonts.googleapis.com/css2?family=Plus+Jakarta+Sans:ital,wght@0,300;0,400;0,500;0,600;0,700;0,800;1,600&family=DM+Serif+Display:ital@0;1&display=swap → 200 (?ms, 13751B)
[2026-06-03T12:02:57.216Z] GET https://fonts.gstatic.com/s/dmserifdisplay/v17/-nFhOHM81r4j6k0gjAW3mujVU2B2G_VB0PD2xWr53A.woff2 → 200 (2ms, ?B)
[2026-06-03T12:02:57.219Z] GET https://fonts.gstatic.com/s/dmserifdisplay/v17/-nFnOHM81r4j6k0gjAW3mujVU2B2G_Bx0vrx52g.woff2 → 200 (?ms, ?B)
[2026-06-03T12:02:57.219Z] GET https://fonts.gstatic.com/s/plusjakartasans/v12/LDIoaomQNQcsA88c7O9yZ4KMCoOg4Ko20yygg_vb.woff2 → 200 (2ms, ?B)
